2023-06-09 00:36:40,456 Result/docx and pdf is created succesfully.
2023-06-09 00:36:40,477 19-523 DBMS Assignment 1.pdf is added into Result/docx and pdf succesfully.
2023-06-09 00:36:40,485 19-523 Seminar Report.docx is added into Result/docx and pdf succesfully.
2023-06-09 00:36:40,491 Result/pptx is created succesfully.
2023-06-09 00:36:40,507 19-523 Technical_Seminar.pptx is added into Result/pptx succesfully.
2023-06-09 00:36:40,511 2-1 memo.pdf is added into Result/docx and pdf succesfully.
2023-06-09 00:36:40,525 523.docx is added into Result/docx and pdf succesfully.
2023-06-09 00:36:40,533 Result/mkv and png is created succesfully.
2023-06-09 00:36:49,262 @TROOPORIGINALS_Vikrant_Rona_2022_1080p_DSNP_WEB_DL_x265_DD+_5_1.mkv is added into Result/mkv and png succesfully.
2023-06-09 00:36:49,274 allotment order certificate pinky.pdf is added into Result/docx and pdf succesfully.
2023-06-09 00:36:49,286 BLUE BRAIN 523.pptx is added into Result/pptx succesfully.
2023-06-09 00:36:49,297 c++ unit1 complete notes-converted.pdf is added into Result/docx and pdf succesfully.
2023-06-09 00:36:49,305 CNS-LAB-MANUAL-III-CSE-II-SEM.pdf is added into Result/docx and pdf succesfully.
2023-06-09 00:36:49,319 Cryptography aditya.docx is added into Result/docx and pdf succesfully.
2023-06-09 00:36:49,361 cryptography-and-network-security_textBook.pdf is added into Result/docx and pdf succesfully.
2023-06-09 00:36:49,402 DBMS-Unit4.pdf is added into Result/docx and pdf succesfully.
2023-06-09 00:36:49,405 Result/log is created succesfully.
2023-06-09 00:36:49,411 debug.log is added into Result/log succesfully.
2023-06-09 00:36:49,411 Result/zip is created succesfully.
2023-06-09 00:36:49,422 Face_recongination.zip is added into Result/zip succesfully.
2023-06-09 00:36:49,453 Final Fifa Project (1) ashu.zip is added into Result/zip succesfully.
2023-06-09 00:36:49,464 G.DEEKSHITHA RESUME.docx is added into Result/docx and pdf succesfully.
2023-06-09 00:36:49,483 Goldman sachs.pdf is added into Result/docx and pdf succesfully.
2023-06-09 00:36:49,499 G_Deekshitha's_Resume_18_dec.pdf is added into Result/docx and pdf succesfully.
2023-06-09 00:36:49,515 G_Deekshitha's_Resume_8Dec.pdf is added into Result/docx and pdf succesfully.
2023-06-09 00:36:49,524 HCL Application_form_HCLTFP117683.pdf is added into Result/docx and pdf succesfully.
2023-06-09 00:36:49,532 Result/jpeg is created succesfully.
2023-06-09 00:36:49,544 img sandhya mrg.jpeg is added into Result/jpeg succesfully.
2023-06-09 00:36:49,554 income certificate pinky.pdf is added into Result/docx and pdf succesfully.
2023-06-09 00:36:49,574 java lab programs.zip is added into Result/zip succesfully.
2023-06-09 00:36:49,580 Result/bin is created succesfully.
2023-06-09 00:36:49,594 MINOR PROJECT 1.ipynb (1).bin is added into Result/bin succesfully.
2023-06-09 00:36:49,602 MINOR PROJECT 1.ipynb.bin is added into Result/bin succesfully.
2023-06-09 00:36:49,699 Object_Detection.zip is added into Result/zip succesfully.
2023-06-09 00:36:49,730 oh certificate pinky.pdf is added into Result/docx and pdf succesfully.
2023-06-09 00:36:49,889 PPS_funtions.pdf is added into Result/docx and pdf succesfully.
2023-06-09 00:36:49,909 R18 B.TECH CSE IIYear Syllabus.pdf is added into Result/docx and pdf succesfully.
2023-06-09 00:36:49,912 rank card pinky.pdf is added into Result/docx and pdf succesfully.
2023-06-09 00:36:49,928 resume-saikiran_JNTUHCEJ.pdf is added into Result/docx and pdf succesfully.
2023-06-09 00:36:49,944 Screenshot (1).png is added into Result/mkv and png succesfully.
2023-06-09 00:36:49,955 Screenshot (3).png is added into Result/mkv and png succesfully.
2023-06-09 00:36:49,972 Screenshot (5).png is added into Result/mkv and png succesfully.
2023-06-09 00:36:49,986 Screenshot (6).png is added into Result/mkv and png succesfully.
2023-06-09 00:36:49,993 Screenshot (7).png is added into Result/mkv and png succesfully.
2023-06-09 00:36:50,001 Screenshot (8).png is added into Result/mkv and png succesfully.
2023-06-09 00:36:50,009 SEMINAR ON BLUE BRAIN 1210.pptx is added into Result/pptx succesfully.
2023-06-09 00:36:50,023 sign pinky.pdf is added into Result/docx and pdf succesfully.
2023-06-09 00:36:50,038 Skinput_Technology.pptx is added into Result/pptx succesfully.
2023-06-09 00:36:50,073 SOFTWARE PROCESS & PROJECT MANAGEMENT(R17A0539).pdf is added into Result/docx and pdf succesfully.
2023-06-09 00:36:50,099 SPPM Assignment 1.pdf is added into Result/docx and pdf succesfully.
2023-06-09 00:36:50,114 Sumera_Minaz-resume.docx is added into Result/docx and pdf succesfully.
2023-06-09 00:36:50,122 Sumera_Minaz-resume.pdf is added into Result/docx and pdf succesfully.
2023-06-09 00:36:50,135 TECHNICAL SEMINAR ON LI-FI.pdf is added into Result/docx and pdf succesfully.
2023-06-09 00:36:50,148 TECHNICAL SEMINAR.pdf is added into Result/docx and pdf succesfully.
2023-06-09 00:36:50,171 Unit-3_Files_chapter-1.pdf is added into Result/docx and pdf succesfully.
2023-06-09 00:36:50,201 wt sem.pdf is added into Result/docx and pdf succesfully.
2023-06-09 00:36:52,994 www.1TamilMV.pics - Sita Ramam (2022) Telugu Pre-DVD - 720p .mkv is added into Result/mkv and png succesfully.
2023-06-09 00:36:56,932 www.4MovieRulz.lu - Ninnila Ninnila (2021) 1080p HDRip HEVC Org [Tel + Tam + Hin + Mal + Kan] - 1.1GB ESub.mkv is added into Result/mkv and png succesfully.
2023-06-09 00:37:01,023 www.4MovieRulz.se - AAKAASAM NEE HADDHU RA (2020) 720p Telugu (Org Vers) HDRip x264 DD5.1 - 1.3GB - ESub.mkv is added into Result/mkv and png succesfully.
2023-06-09 00:37:05,469 www.5MovieRulz.sh - Sir (2023) 1080p Telugu HQ HDRip HEVC (DD+5.1 - 192kbps & AAC) 1.6GB ESub.mkv is added into Result/mkv and png succesfully.
2023-06-09 00:37:06,772 www.7MovieRulz.es - RRR (2022) Telugu DVDScr x264 MP3 450MB.mkv is added into Result/mkv and png succesfully.
2023-06-09 00:37:07,846 www.7MovieRulz.lv - Varun Doctor (2021) Telugu (Org Vers) HDRip x264 MP3 250MB ESub.mkv is added into Result/mkv and png succesfully.
2023-06-09 00:37:12,405 www.7MovieRulz.pw - Most Eligible Bachelor (2021) 720p Telugu DVDScr x264 MP3 1.4GB.mkv is added into Result/mkv and png succesfully.
